panic: runtime error: invalid memory address or nil pointer dereference
[signal SIGSEGV: segmentation violation code=0x1 addr=0x18 pc=0xae3a199]

goroutine 1 [running]:
main.checkDupInstance()
	D:/pre/bits-project/bits/app.go:52 +0xd9
main.main()
	D:/pre/bits-project/bits/app.go:74 +0x13
panic: runtime error: invalid memory address or nil pointer dereference
[signal SIGSEGV: segmentation violation code=0x1 addr=0x18 pc=0x4bd9199]

goroutine 1 [running]:
main.checkDupInstance()
	D:/pre/bits-project/bits/app.go:52 +0xd9
main.main()
	D:/pre/bits-project/bits/app.go:74 +0x13
panic: runtime error: invalid memory address or nil pointer dereference
[signal SIGSEGV: segmentation violation code=0x1 addr=0x18 pc=0xbabe199]

goroutine 1 [running]:
main.checkDupInstance()
	D:/pre/bits-project/bits/app.go:52 +0xd9
main.main()
	D:/pre/bits-project/bits/app.go:74 +0x13
panic: panic: runtime error: invalid memory address or nil pointer dereference
[signal SIGSEGV: segmentation violation code=0x1 addr=0x18 pc=0x4849199]

goroutine 1 [running]:
main.checkDupInstance()
	D:/pre/bits-project/bits/app.go:52 +0xd9
main.main()
	D:/pre/bits-project/bits/app.go:74 +0x13
runtime error: invalid memory address or nil pointer dereference
[signal SIGSEGV: segmentation violation code=0x1 addr=0x18 pc=0x1104c199]

goroutine 1 [running]:
main.checkDupInstance()
	D:/pre/bits-project/bits/app.go:52 +0xd9
main.main()
	D:/pre/bits-project/bits/app.go:74 +0x13
panic: runtime error: invalid memory address or nil pointer dereference
[signal SIGSEGV: segmentation violation code=0x1 addr=0x18 pc=0x5d5e199]

goroutine 1 [running]:
main.checkDupInstance()
	D:/pre/bits-project/bits/app.go:52 +0xd9
main.main()
	D:/pre/bits-project/bits/app.go:74 +0x13
panic: runtime error: invalid memory address or nil pointer dereference
[signal SIGSEGV: segmentation violation code=0x1 addr=0x18 pc=0x81e3199]

goroutine 1 [running]:
main.checkDupInstance()
	D:/pre/bits-project/bits/app.go:52 +0xd9
main.main()
	D:/pre/bits-project/bits/app.go:74 +0x13
panic: runtime error: invalid memory address or nil pointer dereference
[signal SIGSEGV: segmentation violation code=0x1 addr=0x18 pc=0x4c54199panic: runtime error: invalid memory address or nil pointer dereference
[signal SIGSEGV: segmentation violation]
 code=0x1
goroutine 1 [running addr=0x18 pc=]:
0x6c92199]

goroutine 1 [main.checkDupInstance(running]:
main.checkDupInstance()
	D:/pre/bits-project/bits/app.go:52 +0xd9
main.main)
(	D:/pre/bits-project/bits/app.go:52 +0xd9
)
main.main	(D:/pre/bits-project/bits/app.go)
	D:/pre/bits-project/bits/app.go:74 +:0x1374
 +0x13
panic: runtime error: invalid memory address or nil pointer dereference
[signal SIGSEGV: segmentation violation code=0x1 addr=0x18 pc=0x4fab199]

goroutine 1 [running]:
main.checkDupInstance()
	D:/pre/bits-project/bits/app.go:52 +0xd9
main.main()
	D:/pre/bits-project/bits/app.go:74 +0x13
panic: runtime error: invalid memory address or nil pointer dereference
[signal SIGSEGV: segmentation violation code=0x1 addr=0x18 pc=0x535e199]

goroutine 1 [running]:
main.checkDupInstance()
	D:/pre/bits-project/bits/app.go:52 +0xd9
main.main()
	D:/pre/bits-project/bits/app.go:74 +0x13
panic: runtime error: invalid memory address or nil pointer dereference
[signal SIGSEGV: segmentation violation code=0x1 addr=0x18 pc=0x1596199]

goroutine 1 [running]:
main.checkDupInstance()
	D:/pre/bits-project/bits/app.go:52 +0xd9
main.main()
	D:/pre/bits-project/bits/app.go:74 +0x13
panic: runtime error: invalid memory address or nil pointer dereference
[signal SIGSEGV: segmentation violation code=0x1 addr=0x18 pc=0xd399199panic: runtime error: invalid memory address or nil pointer dereference
]
[signal 
SIGSEGV: segmentation violation code=goroutine 0x1 addr=0x181 [ pc=running0xbf3f199]

]:
goroutine 1 [running]:
main.checkDupInstance(main.checkDupInstance)
	(D:/pre/bits-project/bits/app.go)
	:panic: D:/pre/bits-project/bits/app.go52:52 +runtime error: invalid memory address or nil pointer dereference0xd9 +
0xd9main.main

[signal SIGSEGV: segmentation violation(main.main code=(0x1)
)
 addr=	0x18D:/pre/bits-project/bits/app.go: pc=74	 +D:/pre/bits-project/bits/app.go0x13:
74 +0x13
0x109de199]

goroutine 1 [running]:
main.checkDupInstance()
	D:/pre/bits-project/bits/app.go:52 +0xd9
main.main()
	D:/pre/bits-project/bits/app.go:74 +0x13
panic: runtime error: invalid memory address or nil pointer dereference
[signal SIGSEGV: segmentation violation code=0x1 addr=0x18 pc=0xbabd199]

goroutine 1 [running]:
main.checkDupInstance()
	D:/pre/bits-project/bits/app.go:52 +0xd9
main.main()
	D:/pre/bits-project/bits/app.go:74 +0x13
panic: runtime error: invalid memory address or nil pointer dereference
[signal SIGSEGV: segmentation violation code=0x1 addr=0x18 pc=0xa4ae199]

goroutine 1 [running]:
main.checkDupInstance()
	D:/pre/bits-project/bits/app.go:52 +0xd9
main.main()
	D:/pre/bits-project/bits/app.go:74 +0x13
panic: runtime error: invalid memory address or nil pointer dereference
[signal SIGSEGV: segmentation violation code=0x1 addr=0x18 pc=0x527c199]

goroutine 1 [running]:
main.checkDupInstance()
	D:/pre/bits-project/bits/app.go:52 +0xd9
main.main()
	D:/pre/bits-project/bits/app.go:74 +0x13
panic: runtime error: invalid memory address or nil pointer dereference
[signal SIGSEGV: segmentation violation code=0x1 addr=0x18 pc=panic: 0x597a199runtime error: invalid memory address or nil pointer dereference]


goroutine [signal 1 [runningSIGSEGV: segmentation violation]:
 code=main.checkDupInstance(0x1)
 addr=	D:/pre/bits-project/bits/app.go0x18: pc=520x1057c199]
 +
0xd9goroutine 
1 [main.mainrunning(]:
)
	D:/pre/bits-project/bits/app.go:main.checkDupInstance74( +)
0x13	
D:/pre/bits-project/bits/app.go:52 +0xd9
main.main()
	D:/pre/bits-project/bits/app.go:74 +0x13
panic: runtime error: invalid memory address or nil pointer dereference
[signal SIGSEGV: segmentation violation code=0x1 addr=0x18 pc=0x9f6b199]

goroutine 1 [running]:
main.checkDupInstance()
	D:/pre/bits-project/bits/app.go:52 +0xd9
main.main()
	D:/pre/bits-project/bits/app.go:74 +0x13
panic: runtime error: invalid memory address or nil pointer dereference
[signal SIGSEGV: segmentation violation code=0x1 addr=0x18 pc=0x6103199]

goroutine 1 [running]:
main.checkDupInstance()
	D:/pre/bits-project/bits/app.go:52 +0xd9
main.main()
	D:/pre/bits-project/bits/app.go:74 +0x13
panic: runtime error: invalid memory address or nil pointer dereference
[signal SIGSEGV: segmentation violation code=0x1 addr=0x18 pc=0xb361199]

goroutine 1 [running]:
main.checkDupInstance()
	D:/pre/bits-project/bits/app.go:52 +0xd9
main.main()
	D:/pre/bits-project/bits/app.go:74 +0x13
